2021-09-22 17:47:32 INFO  Benchmark_Timer - Begin run: testWaitPeriods with 2 runs
2021-09-22 17:55:09 INFO  Benchmark_Timer - Begin run: testWaitPeriods with 2 runs
2021-09-22 18:05:14 INFO  Benchmark_Timer - Begin run: testWaitPeriods with 2 runs
2021-09-22 18:53:16 DEBUG Config - Config.get(helper, instrument) = true
2021-09-22 18:53:16 DEBUG Config - Config.get(helper, seed) = 0
2021-09-22 18:53:16 DEBUG Config - Config.get(instrumenting, copies) = true
2021-09-22 18:53:16 DEBUG Config - Config.get(instrumenting, swaps) = true
2021-09-22 18:53:16 DEBUG Config - Config.get(instrumenting, compares) = true
2021-09-22 18:53:16 DEBUG Config - Config.get(instrumenting, inversions) = 1
2021-09-22 18:53:16 DEBUG Config - Config.get(instrumenting, fixes) = true
2021-09-22 18:53:16 DEBUG Config - Config.get(instrumenting, hits) = true
2021-09-22 18:53:16 DEBUG Config - Config.get(helper, cutoff) = 
2021-09-22 18:54:54 DEBUG Config - Config.get(helper, instrument) = true
2021-09-22 18:54:54 DEBUG Config - Config.get(helper, seed) = 0
2021-09-22 18:54:54 DEBUG Config - Config.get(instrumenting, copies) = true
2021-09-22 18:54:54 DEBUG Config - Config.get(instrumenting, swaps) = true
2021-09-22 18:54:54 DEBUG Config - Config.get(instrumenting, compares) = true
2021-09-22 18:54:54 DEBUG Config - Config.get(instrumenting, inversions) = 1
2021-09-22 18:54:54 DEBUG Config - Config.get(instrumenting, fixes) = true
2021-09-22 18:54:54 DEBUG Config - Config.get(instrumenting, hits) = true
2021-09-22 18:54:54 DEBUG Config - Config.get(helper, cutoff) = 
2021-09-22 18:55:19 DEBUG Config - Config.get(helper, instrument) = true
2021-09-22 18:55:19 DEBUG Config - Config.get(helper, seed) = 0
2021-09-22 18:55:19 DEBUG Config - Config.get(instrumenting, copies) = true
2021-09-22 18:55:19 DEBUG Config - Config.get(instrumenting, swaps) = true
2021-09-22 18:55:19 DEBUG Config - Config.get(instrumenting, compares) = true
2021-09-22 18:55:19 DEBUG Config - Config.get(instrumenting, inversions) = 1
2021-09-22 18:55:19 DEBUG Config - Config.get(instrumenting, fixes) = true
2021-09-22 18:55:19 DEBUG Config - Config.get(instrumenting, hits) = true
2021-09-22 18:55:19 DEBUG Config - Config.get(helper, cutoff) = 
2021-09-22 18:57:53 DEBUG Config - Config.get(helper, instrument) = true
2021-09-22 18:57:53 DEBUG Config - Config.get(helper, seed) = 0
2021-09-22 18:57:53 DEBUG Config - Config.get(instrumenting, copies) = true
2021-09-22 18:57:53 DEBUG Config - Config.get(instrumenting, swaps) = true
2021-09-22 18:57:53 DEBUG Config - Config.get(instrumenting, compares) = true
2021-09-22 18:57:53 DEBUG Config - Config.get(instrumenting, inversions) = 1
2021-09-22 18:57:53 DEBUG Config - Config.get(instrumenting, fixes) = true
2021-09-22 18:57:53 DEBUG Config - Config.get(instrumenting, hits) = true
2021-09-22 18:57:53 DEBUG Config - Config.get(helper, cutoff) = 
2021-09-22 19:00:40 DEBUG Config - Config.get(helper, instrument) = true
2021-09-22 19:00:40 DEBUG Config - Config.get(helper, seed) = 0
2021-09-22 19:00:40 DEBUG Config - Config.get(instrumenting, copies) = true
2021-09-22 19:00:40 DEBUG Config - Config.get(instrumenting, swaps) = true
2021-09-22 19:00:40 DEBUG Config - Config.get(instrumenting, compares) = true
2021-09-22 19:00:40 DEBUG Config - Config.get(instrumenting, inversions) = 1
2021-09-22 19:00:40 DEBUG Config - Config.get(instrumenting, fixes) = true
2021-09-22 19:00:40 DEBUG Config - Config.get(instrumenting, hits) = true
2021-09-22 19:00:40 DEBUG Config - Config.get(helper, cutoff) = 
2021-09-22 19:01:01 DEBUG Config - Config.get(helper, instrument) = true
2021-09-22 19:01:01 DEBUG Config - Config.get(helper, seed) = 0
2021-09-22 19:01:01 DEBUG Config - Config.get(instrumenting, copies) = true
2021-09-22 19:01:01 DEBUG Config - Config.get(instrumenting, swaps) = true
2021-09-22 19:01:01 DEBUG Config - Config.get(instrumenting, compares) = true
2021-09-22 19:01:01 DEBUG Config - Config.get(instrumenting, inversions) = 1
2021-09-22 19:01:01 DEBUG Config - Config.get(instrumenting, fixes) = true
2021-09-22 19:01:01 DEBUG Config - Config.get(instrumenting, hits) = true
2021-09-22 19:01:01 DEBUG Config - Config.get(helper, cutoff) = 
2021-09-22 19:02:24 DEBUG Config - Config.get(helper, instrument) = true
2021-09-22 19:02:24 DEBUG Config - Config.get(helper, seed) = 0
2021-09-22 19:02:24 DEBUG Config - Config.get(instrumenting, copies) = true
2021-09-22 19:02:24 DEBUG Config - Config.get(instrumenting, swaps) = true
2021-09-22 19:02:24 DEBUG Config - Config.get(instrumenting, compares) = true
2021-09-22 19:02:24 DEBUG Config - Config.get(instrumenting, inversions) = 1
2021-09-22 19:02:24 DEBUG Config - Config.get(instrumenting, fixes) = true
2021-09-22 19:02:24 DEBUG Config - Config.get(instrumenting, hits) = true
2021-09-22 19:02:24 DEBUG Config - Config.get(helper, cutoff) = 
2021-09-22 19:03:03 DEBUG Config - Config.get(helper, instrument) = true
2021-09-22 19:03:03 DEBUG Config - Config.get(helper, seed) = 0
2021-09-22 19:03:03 DEBUG Config - Config.get(instrumenting, copies) = true
2021-09-22 19:03:03 DEBUG Config - Config.get(instrumenting, swaps) = true
2021-09-22 19:03:03 DEBUG Config - Config.get(instrumenting, compares) = true
2021-09-22 19:03:03 DEBUG Config - Config.get(instrumenting, inversions) = 1
2021-09-22 19:03:03 DEBUG Config - Config.get(instrumenting, fixes) = true
2021-09-22 19:03:03 DEBUG Config - Config.get(instrumenting, hits) = true
2021-09-22 19:03:03 DEBUG Config - Config.get(helper, cutoff) = 
2021-09-22 19:06:46 DEBUG Config - Config.get(helper, instrument) = true
2021-09-22 19:06:46 DEBUG Config - Config.get(helper, seed) = 0
2021-09-22 19:06:46 DEBUG Config - Config.get(instrumenting, copies) = true
2021-09-22 19:06:46 DEBUG Config - Config.get(instrumenting, swaps) = true
2021-09-22 19:06:46 DEBUG Config - Config.get(instrumenting, compares) = true
2021-09-22 19:06:46 DEBUG Config - Config.get(instrumenting, inversions) = 1
2021-09-22 19:06:46 DEBUG Config - Config.get(instrumenting, fixes) = true
2021-09-22 19:06:46 DEBUG Config - Config.get(instrumenting, hits) = true
2021-09-22 19:06:46 DEBUG Config - Config.get(helper, cutoff) = 
2021-09-22 19:07:18 DEBUG Config - Config.get(helper, instrument) = true
2021-09-22 19:07:18 DEBUG Config - Config.get(helper, seed) = 0
2021-09-22 19:07:18 DEBUG Config - Config.get(instrumenting, copies) = true
2021-09-22 19:07:18 DEBUG Config - Config.get(instrumenting, swaps) = true
2021-09-22 19:07:18 DEBUG Config - Config.get(instrumenting, compares) = true
2021-09-22 19:07:18 DEBUG Config - Config.get(instrumenting, inversions) = 1
2021-09-22 19:07:18 DEBUG Config - Config.get(instrumenting, fixes) = true
2021-09-22 19:07:18 DEBUG Config - Config.get(instrumenting, hits) = true
2021-09-22 19:07:18 DEBUG Config - Config.get(helper, cutoff) = 
2021-09-22 19:07:56 DEBUG Config - Config.get(helper, instrument) = true
2021-09-22 19:07:56 DEBUG Config - Config.get(helper, seed) = 0
2021-09-22 19:07:56 DEBUG Config - Config.get(instrumenting, copies) = true
2021-09-22 19:07:56 DEBUG Config - Config.get(instrumenting, swaps) = true
2021-09-22 19:07:56 DEBUG Config - Config.get(instrumenting, compares) = true
2021-09-22 19:07:56 DEBUG Config - Config.get(instrumenting, inversions) = 1
2021-09-22 19:07:56 DEBUG Config - Config.get(instrumenting, fixes) = true
2021-09-22 19:07:56 DEBUG Config - Config.get(instrumenting, hits) = true
2021-09-22 19:07:56 DEBUG Config - Config.get(helper, cutoff) = 
2021-09-22 19:08:06 DEBUG Config - Config.get(helper, instrument) = true
2021-09-22 19:08:06 DEBUG Config - Config.get(helper, seed) = 0
2021-09-22 19:08:06 DEBUG Config - Config.get(instrumenting, copies) = true
2021-09-22 19:08:06 DEBUG Config - Config.get(instrumenting, swaps) = true
2021-09-22 19:08:06 DEBUG Config - Config.get(instrumenting, compares) = true
2021-09-22 19:08:06 DEBUG Config - Config.get(instrumenting, inversions) = 1
2021-09-22 19:08:06 DEBUG Config - Config.get(instrumenting, fixes) = true
2021-09-22 19:08:06 DEBUG Config - Config.get(instrumenting, hits) = true
2021-09-22 19:08:06 DEBUG Config - Config.get(helper, cutoff) = 
2021-09-22 19:08:22 DEBUG Config - Config.get(helper, instrument) = true
2021-09-22 19:08:22 DEBUG Config - Config.get(helper, seed) = 0
2021-09-22 19:08:22 DEBUG Config - Config.get(instrumenting, copies) = true
2021-09-22 19:08:22 DEBUG Config - Config.get(instrumenting, swaps) = true
2021-09-22 19:08:22 DEBUG Config - Config.get(instrumenting, compares) = true
2021-09-22 19:08:22 DEBUG Config - Config.get(instrumenting, inversions) = 1
2021-09-22 19:08:22 DEBUG Config - Config.get(instrumenting, fixes) = true
2021-09-22 19:08:22 DEBUG Config - Config.get(instrumenting, hits) = true
2021-09-22 19:08:22 DEBUG Config - Config.get(helper, cutoff) = 
2021-09-22 19:09:02 DEBUG Config - Config.get(helper, instrument) = true
2021-09-22 19:09:02 DEBUG Config - Config.get(helper, seed) = 0
2021-09-22 19:09:02 DEBUG Config - Config.get(instrumenting, copies) = true
2021-09-22 19:09:02 DEBUG Config - Config.get(instrumenting, swaps) = true
2021-09-22 19:09:02 DEBUG Config - Config.get(instrumenting, compares) = true
2021-09-22 19:09:02 DEBUG Config - Config.get(instrumenting, inversions) = 1
2021-09-22 19:09:02 DEBUG Config - Config.get(instrumenting, fixes) = true
2021-09-22 19:09:02 DEBUG Config - Config.get(instrumenting, hits) = true
2021-09-22 19:09:02 DEBUG Config - Config.get(helper, cutoff) = 
2021-09-22 19:09:25 DEBUG Config - Config.get(helper, instrument) = true
2021-09-22 19:09:25 DEBUG Config - Config.get(helper, seed) = 0
2021-09-22 19:09:25 DEBUG Config - Config.get(instrumenting, copies) = true
2021-09-22 19:09:25 DEBUG Config - Config.get(instrumenting, swaps) = true
2021-09-22 19:09:25 DEBUG Config - Config.get(instrumenting, compares) = true
2021-09-22 19:09:25 DEBUG Config - Config.get(instrumenting, inversions) = 1
2021-09-22 19:09:25 DEBUG Config - Config.get(instrumenting, fixes) = true
2021-09-22 19:09:25 DEBUG Config - Config.get(instrumenting, hits) = true
2021-09-22 19:09:25 DEBUG Config - Config.get(helper, cutoff) = 
2021-09-22 19:09:45 DEBUG Config - Config.get(helper, instrument) = true
2021-09-22 19:09:45 DEBUG Config - Config.get(helper, seed) = 0
2021-09-22 19:09:45 DEBUG Config - Config.get(instrumenting, copies) = true
2021-09-22 19:09:45 DEBUG Config - Config.get(instrumenting, swaps) = true
2021-09-22 19:09:45 DEBUG Config - Config.get(instrumenting, compares) = true
2021-09-22 19:09:45 DEBUG Config - Config.get(instrumenting, inversions) = 1
2021-09-22 19:09:45 DEBUG Config - Config.get(instrumenting, fixes) = true
2021-09-22 19:09:45 DEBUG Config - Config.get(instrumenting, hits) = true
2021-09-22 19:09:45 DEBUG Config - Config.get(helper, cutoff) = 
2021-09-22 19:10:16 DEBUG Config - Config.get(helper, instrument) = true
2021-09-22 19:10:16 DEBUG Config - Config.get(helper, seed) = 0
2021-09-22 19:10:16 DEBUG Config - Config.get(instrumenting, copies) = true
2021-09-22 19:10:16 DEBUG Config - Config.get(instrumenting, swaps) = true
2021-09-22 19:10:16 DEBUG Config - Config.get(instrumenting, compares) = true
2021-09-22 19:10:16 DEBUG Config - Config.get(instrumenting, inversions) = 1
2021-09-22 19:10:16 DEBUG Config - Config.get(instrumenting, fixes) = true
2021-09-22 19:10:16 DEBUG Config - Config.get(instrumenting, hits) = true
2021-09-22 19:10:16 DEBUG Config - Config.get(helper, cutoff) = 
2021-09-22 19:10:54 DEBUG Config - Config.get(helper, instrument) = true
2021-09-22 19:10:54 DEBUG Config - Config.get(helper, seed) = 0
2021-09-22 19:10:54 DEBUG Config - Config.get(instrumenting, copies) = true
2021-09-22 19:10:54 DEBUG Config - Config.get(instrumenting, swaps) = true
2021-09-22 19:10:54 DEBUG Config - Config.get(instrumenting, compares) = true
2021-09-22 19:10:54 DEBUG Config - Config.get(instrumenting, inversions) = 1
2021-09-22 19:10:54 DEBUG Config - Config.get(instrumenting, fixes) = true
2021-09-22 19:10:54 DEBUG Config - Config.get(instrumenting, hits) = true
2021-09-22 19:10:54 DEBUG Config - Config.get(helper, cutoff) = 
2021-09-22 19:11:06 DEBUG Config - Config.get(helper, instrument) = true
2021-09-22 19:11:06 DEBUG Config - Config.get(helper, seed) = 0
2021-09-22 19:11:06 DEBUG Config - Config.get(instrumenting, copies) = true
2021-09-22 19:11:06 DEBUG Config - Config.get(instrumenting, swaps) = true
2021-09-22 19:11:06 DEBUG Config - Config.get(instrumenting, compares) = true
2021-09-22 19:11:06 DEBUG Config - Config.get(instrumenting, inversions) = 1
2021-09-22 19:11:06 DEBUG Config - Config.get(instrumenting, fixes) = true
2021-09-22 19:11:06 DEBUG Config - Config.get(instrumenting, hits) = true
2021-09-22 19:11:06 DEBUG Config - Config.get(helper, cutoff) = 
2021-09-22 19:11:28 DEBUG Config - Config.get(helper, instrument) = true
2021-09-22 19:11:28 DEBUG Config - Config.get(helper, seed) = 0
2021-09-22 19:11:28 DEBUG Config - Config.get(instrumenting, copies) = true
2021-09-22 19:11:28 DEBUG Config - Config.get(instrumenting, swaps) = true
2021-09-22 19:11:28 DEBUG Config - Config.get(instrumenting, compares) = true
2021-09-22 19:11:28 DEBUG Config - Config.get(instrumenting, inversions) = 1
2021-09-22 19:11:28 DEBUG Config - Config.get(instrumenting, fixes) = true
2021-09-22 19:11:28 DEBUG Config - Config.get(instrumenting, hits) = true
2021-09-22 19:11:28 DEBUG Config - Config.get(helper, cutoff) = 
2021-09-22 19:11:45 DEBUG Config - Config.get(helper, instrument) = true
2021-09-22 19:11:45 DEBUG Config - Config.get(helper, seed) = 0
2021-09-22 19:11:45 DEBUG Config - Config.get(instrumenting, copies) = true
2021-09-22 19:11:45 DEBUG Config - Config.get(instrumenting, swaps) = true
2021-09-22 19:11:45 DEBUG Config - Config.get(instrumenting, compares) = true
2021-09-22 19:11:45 DEBUG Config - Config.get(instrumenting, inversions) = 1
2021-09-22 19:11:45 DEBUG Config - Config.get(instrumenting, fixes) = true
2021-09-22 19:11:45 DEBUG Config - Config.get(instrumenting, hits) = true
2021-09-22 19:11:45 DEBUG Config - Config.get(helper, cutoff) = 
2021-09-22 19:11:54 DEBUG Config - Config.get(helper, instrument) = true
2021-09-22 19:11:54 DEBUG Config - Config.get(helper, seed) = 0
2021-09-22 19:11:54 DEBUG Config - Config.get(instrumenting, copies) = true
2021-09-22 19:11:54 DEBUG Config - Config.get(instrumenting, swaps) = true
2021-09-22 19:11:54 DEBUG Config - Config.get(instrumenting, compares) = true
2021-09-22 19:11:54 DEBUG Config - Config.get(instrumenting, inversions) = 1
2021-09-22 19:11:54 DEBUG Config - Config.get(instrumenting, fixes) = true
2021-09-22 19:11:54 DEBUG Config - Config.get(instrumenting, hits) = true
2021-09-22 19:11:54 DEBUG Config - Config.get(helper, cutoff) = 
2021-09-22 19:12:04 DEBUG Config - Config.get(helper, instrument) = true
2021-09-22 19:12:04 DEBUG Config - Config.get(helper, seed) = 0
2021-09-22 19:12:04 DEBUG Config - Config.get(instrumenting, copies) = true
2021-09-22 19:12:04 DEBUG Config - Config.get(instrumenting, swaps) = true
2021-09-22 19:12:04 DEBUG Config - Config.get(instrumenting, compares) = true
2021-09-22 19:12:04 DEBUG Config - Config.get(instrumenting, inversions) = 1
2021-09-22 19:12:04 DEBUG Config - Config.get(instrumenting, fixes) = true
2021-09-22 19:12:04 DEBUG Config - Config.get(instrumenting, hits) = true
2021-09-22 19:12:04 DEBUG Config - Config.get(helper, cutoff) = 
2021-09-22 20:16:05 INFO  Benchmark_Timer - Begin run: testWaitPeriods with 2 runs
2021-09-22 20:22:39 INFO  Benchmark_Timer - Begin run: testWaitPeriods with 2 runs
2021-09-26 16:30:07 INFO  Benchmark_Timer - Begin run: testWaitPeriods with 2 runs
2021-09-26 16:30:54 DEBUG Config - Config.get(helper, instrument) = true
2021-09-26 16:30:54 DEBUG Config - Config.get(helper, seed) = null
2021-09-26 16:30:54 DEBUG Config - Config.get(instrumenting, copies) = true
2021-09-26 16:30:54 DEBUG Config - Config.get(instrumenting, swaps) = true
2021-09-26 16:30:54 DEBUG Config - Config.get(instrumenting, compares) = true
2021-09-26 16:30:54 DEBUG Config - Config.get(instrumenting, inversions) = 10
2021-09-26 16:30:54 DEBUG Config - Config.get(instrumenting, fixes) = true
2021-09-26 16:30:54 DEBUG Config - Config.get(instrumenting, hits) = true
2021-09-26 16:30:54 DEBUG Config - Config.get(helper, cutoff) = 
2021-09-26 16:31:10 DEBUG Config - Config.get(helper, instrument) = true
2021-09-26 16:31:10 DEBUG Config - Config.get(helper, seed) = 0
2021-09-26 16:31:10 DEBUG Config - Config.get(instrumenting, copies) = true
2021-09-26 16:31:10 DEBUG Config - Config.get(instrumenting, swaps) = true
2021-09-26 16:31:10 DEBUG Config - Config.get(instrumenting, compares) = true
2021-09-26 16:31:10 DEBUG Config - Config.get(instrumenting, inversions) = 1
2021-09-26 16:31:10 DEBUG Config - Config.get(instrumenting, fixes) = true
2021-09-26 16:31:10 DEBUG Config - Config.get(instrumenting, hits) = true
2021-09-26 16:31:10 DEBUG Config - Config.get(helper, cutoff) = 
